<?xml version="1.0" encoding="UTF-8"?>
<!-- Generated by org.testng.reporters.JUnitXMLReporter -->
<testsuite ignored="0" hostname="Anuradhas-MacBook-Pro.local" failures="0" tests="9" name="Loginpage Test" time="122.794" errors="0" timestamp="2022-06-10T17:53:12 AEST">
  <testcase classname="testcases.LoginPage_Test" name="test_forgot_password" time="1.584"/>
  <testcase classname="testcases.LoginPage_Test" name="test_login_with_blank_details" time="0.281"/>
  <testcase classname="testcases.LoginPage_Test" name="test_login_with_correct_details" time="1.072"/>
  <testcase classname="testcases.LoginPage_Test" name="test_login_with_incorrect_password" time="0.862"/>
  <testcase classname="testcases.LoginPage_Test" name="test_login_with_incorrect_userName" time="0.9"/>
  <testcase classname="testcases.LoginPage_Test" name="test_login_with_special_characters" time="0.895"/>
  <testcase classname="testcases.LoginPage_Test" name="test_password_is_hidden" time="0.05"/>
  <testcase classname="testcases.LoginPage_Test" name="test_remember_me" time="8.908"/>
  <testcase classname="testcases.LoginPage_Test" name="test_remember_me_negative" time="9.413"/>
</testsuite> <!-- Loginpage Test -->
